2000 2000
753 240
80 1831
1981 1177
183 896
859 820
242 852
1952 1317
680 1001
196 1156
1036 469
1431 46
1994 1039
509 494
1601 1121
240 1855
1982 1981
862 804
1467 535
1778 293
274 46
1095 582
200 202
395 201
1004 1117
336 867
1183 1235
1807 1376
552 331
227 881
1448 1456
1424 1423
557 1646
735 1586
1216 1148
347 1979
70 926
1036 307
1484 1527
1150 303
287 1608
376 203
954 867
1148 904
1454 1031
283 552
1197 1944
836 862
910 1692
803 1036
776 1794
1498 1174
1704 814
379 430
1868 1236
542 1910
1249 1981
1212 1659
1674 1498
973 90
1666 162
1490 1532
1613 1504
685 1132
1883 1035
1054 862
421 1402
867 1994
628 546
218 1901
794 1971
852 1712
1406 1250
1955 745
986 1060
1706 460
555 596
173 1613
1633 862
1469 405
614 159
1391 1142
1577 535
1401 1146
1575 285
1678 123
173 776
597 1183
1504 331
1097 1642
966 70
1370 605
123 1353
1022 1744
436 218
1670 1059
414 942
740 1951
142 851
656 1874
975 1020
1674 199
760 1624
307 1456
1036 1162
1516 1635
291 867
765 984
421 1992
903 1919
1523 279
1204 1809
1408 333
779 416
218 1066
1945 1244
988 251
801 468
664 68
293 1293
1755 1549
1600 1471
1462 1680
1236 1962
771 670
1459 1017
776 393
806 1212
1633 981
1154 498
473 685
49 287
89 1751
1401 1682
291 1004
130 903
672 687
1486 1666
1050 1075
1570 1674
11 702
1716 1838
162 386
1755 935
1613 492
1987 771
558 1873
613 208
319 429
936 630
1387 1483
1427 1866
1761 977
326 1317
845 752
1343 1244
1459 31
1488 1893
1032 1552
1235 1335
1742 651
84 848
1975 1183
1646 1841
1478 1902
1847 59
1322 557
1467 1399
1117 1424
1046 1457
1169 943
1545 1033
1036 1335
734 667
248 1855
336 1039
876 556
865 818
829 1609
1386 713
1393 885
96 881
307 199
1446 1506
1755 1498
87 950
1989 1677
41 1181
1498 336
1154 1994
212 503
349 1992
1703 331
1740 1450
1122 619
379 1441
368 1250
1198 1083
794 1678
1152 123
130 102
38 303
1568 254
622 427
1048 1393
692 1701
1366 1431
206 573
1702 1954
218 818
1783 1326
1971 1163
479 1376
722 1486
1740 1979
960 1068
1900 819
1621 1426
123 331
11 1052
437 247
794 1549
1613 972
1387 135
429 225
1185 359
13 227
492 935
852 1674
1080 386
511 773
291 1504
1162 552
1090 1015
1236 94
624 1758
1177 1046
1039 1570
130 1919
1135 1421
1994 1678
1829 605
207 160
378 1502
970 1207
248 753
123 317
1599 267
279 1679
1446 913
1790 852
597 1971
1545 1907
208 813
1814 437
1299 188
1545 629
1746 111
532 1919
1959 1783
1047 778
1507 1220
964 588
1746 1847
425 1281
624 589
121 339
460 660
954 1504
1154 1423
534 762
1349 1335
650 818
1134 1450
40 166
856 1434
1296 1417
1335 1556
1948 531
1353 1162
317 867
1994 123
796 1078
553 1564
1183 1556
753 433
199 1358
587 336
531 1613
1343 1945
1971 1790
1461 1241
1052 460
1703 509
240 1590
1054 1855
1982 1370
1501 257
526 1491
31 752
1448 811
269 773
348 1500
1783 1079
1117 1994
530 1703
1235 1358
203 1099
552 1613
469 1154
1236 1487
1504 1358
1219 651
1674 1358
552 867
386 303
1162 469
973 1429
337 1187
1286 910
1982 102
617 912
1006 1154
1414 1410
515 1400
1689 276
1742 1219
562 266
1536 1608
804 613
1041 1740
396 960
1487 1962
1938 1296
1163 317
1831 735
552 498
121 33
1641 1594
552 1961
587 1678
250 311
1679 130
1757 579
1629 100
317 331
1376 147
1941 1299
1961 1358
597 1162
1492 1652
1372 709
1556 1712
794 1556
990 1040
1794 1971
494 333
730 1827
1832 1334
407 1853
460 824
1486 1293
752 1829
394 550
1829 102
830 882
1549 30
1004 498
955 95
1278 1686
1174 935
1400 1557
1103 1706
1258 68
1131 1852
768 1549
1555 866
1353 1004
1741 1052
496 446
492 199
1971 1556
579 1695
412 1721
1036 1408
1994 972
279 752
279 518
3 1615
623 1878
1682 1146
1603 879
433 1590
1828 472
333 30
1681 1589
1441 1629
222 1327
494 1174
1996 700
336 552
199 1335
790 1825
812 1144
1322 1451
1048 885
943 467
332 1681
1935 1105
1590 689
1089 498
30 393
1335 30
1971 1613
709 1661
1674 776
455 1289
1513 437
1358 1117
1147 572
506 1987
957 1462
989 1633
531 199
1658 1028
191 937
1682 1372
1982 80
1177 1249
776 1349
1456 1498
1903 1385
1359 1177
1971 1975
820 289
199 1994
222 1723
199 954
1001 319
222 1344
776 794
1930 88
1117 852
437 436
333 1353
1459 1679
852 123
1540 1753
1416 549
1150 46
1867 629
1130 791
156 943
291 531
1344 706
1826 957
647 456
1948 1163
1423 1235
1814 247
1971 1174
1532 1617
517 1699
771 1557
587 776
1216 1864
1314 1088
1424 768
597 336
1162 517
1750 3
1613 1006
1950 1575
852 291
1633 1220
287 203
1353 587
1556 1703
469 1039
400 164
210 353
1530 139
53 1460
1348 826
931 1623
863 17
1994 1699
484 1579
336 1971
269 1111
1141 1826
320 31
947 1838
646 40
1780 1111
773 245
1408 291
174 22
1159 109
1640 1017
889 514
1807 479
1975 1349
1693 1939
1288 702
30 1162
374 533
48 361
175 584
322 1532
1115 984
752 1583
1790 1975
1593 392
1353 517
803 1755
111 1225
530 1235
989 573
1171 1148
437 643
1349 242
1865 1496
1751 892
776 469
1186 1480
1037 845
768 317
1378 1267
902 1304
1227 1879
1054 573
1860 773
1784 711
1480 511
1679 1370
774 957
469 331
597 531
1467 976
918 1881
1353 1948
76 48
1158 405
1408 307
1570 123
26 680
242 1948
605 102
1886 735
1456 1549
605 1037
333 509
307 1358
1435 1432
1353 509
1470 1511
506 126
1556 494
1568 179
123 531
965 17
30 1117
695 1878
1577 1418
768 1456
1467 652
622 1941
237 1642
1833 71
1174 1152
1310 1070
463 21
613 1633
1854 378
151 148
701 505
827 1454
1556 1408
666 1328
1006 803
266 1992
1353 1699
1012 1130
433 1834
320 532
438 869
154 1082
681 1507
386 38
1697 437
479 557
81 1746
1973 179
1663 808
880 1303
1870 1207
839 380
1487 957
726 1054
852 1006
1129 440
1570 1423
518 1249
63 1044
50 222
412 1872
484 84
613 240
1507 206
301 766
977 718
1745 715
1755 954
1586 1982
331 1678
135 970
862 1855
714 1367
882 364
1349 333
1319 1475
1579 140
1711 1100
614 563
1633 1590
552 1335
582 60
919 1429
1226 1552
511 1860
1327 1080
1323 967
1162 1335
1068 1328
495 58
1235 587
1039 1961
1768 1941
1674 1613
103 1801
261 1399
418 461
605 130
1847 1215
1557 965
318 1048
1163 552
812 919
1566 1986
1755 509
530 509
1642 78
168 1686
1117 1456
1907 1500
1674 317
1504 492
79 1721
677 203
889 1466
1984 385
1004 333
1746 456
1678 852
736 507
1217 1865
1961 492
803 173
239 54
1531 1361
338 178
291 1424
1308 783
1778 1486
1746 1225
1642 1501
723 1513
1967 1846
1982 1359
644 1522
1432 723
251 660
333 1556
1970 1526
339 1270
247 1435
1994 283
335 1632
372 692
353 1430
717 1326
1549 494
1633 1507
130 279
1866 1328
865 218
1434 271
601 1811
1507 726
715 29
1524 297
1743 1722
355 987
1258 1443
836 240
1472 1072
1462 1826
972 1549
1322 479
643 1435
1672 1054
1807 147
862 248
1085 976
1316 1222
218 1435
1878 980
368 461
273 632
1864 712
1489 483
517 1183
811 1089
1349 317
1540 1028
596 1859
342 928
289 898
906 850
852 199
338 1722
511 1780
1740 1767
1077 1447
1456 1556
1661 1682
307 1152
1980 1225
393 492
1583 1457
1701 372
1841 1322
665 837
957 1962
51 611
479 1841
80 1017
1977 1830
937 162
333 1674
1981 1586
620 324
1235 1004
1844 428
1480 1111
960 666
733 297
460 702
1424 469
320 518
469 1353
96 1024
1886 1583
1755 1794
1832 771
477 1500
1601 459
1536 287
1250 1338
57 367
1586 1177
587 1549
1349 336
652 1577
971 358
1570 972
981 836
1688 1775
1601 789
796 639
1380 1863
1101 759
11 1032
820 871
1431 274
50 1723
1829 130
836 1672
1919 1457
1376 1465
1154 1353
1972 940
531 587
1465 1718
1036 935
794 552
518 102
238 1601
287 1515
1699 498
1915 429
1755 1424
1089 1162
1163 1408
1504 283
717 73
1085 261
552 333
1221 953
852 1613
1549 492
1764 582
954 1408
1831 903
1052 1032
881 693
963 879
130 1370
904 767
98 210
1690 1887
274 38
1256 1955
552 768
1349 1163
1391 250
158 877
811 552
1390 21
1350 1228
1135 41
492 1448
708 566
867 1549
550 1694
587 597
1629 450
1344 1080
531 1549
1849 1194
1631 786
706 1486
230 797
1597 1299
954 1975
1367 1146
90 1751
818 155
248 689
723 1435
643 1066
109 211
185 766
931 1193
1199 1651
1144 1429
349 1402
1270 657
1456 1163
1068 666
1098 467
1423 1948
322 93
1177 108
168 271
1767 1450
1349 1004
1934 1079
1116 1305
408 568
972 794
1174 1349
1504 1570
629 1033
1169 1098
1962 29
162 722
1855 1672
935 852
1674 1183
102 108
1335 494
919 66
1679 1919
1583 1981
1741 545
685 1535
295 1775
87 140
1924 1891
1063 825
1169 16
493 747
317 242
1558 1222
518 1586
498 1678
850 1451
20 1332
1004 1504
689 726
824 718
1229 1239
95 1976
935 1335
68 1205
1557 869
173 1975
1036 1703
1758 347
283 1556
206 433
1100 1950
1589 999
681 981
1982 903
430 100
1066 351
1703 1358
1723 46
723 1066
11 545
794 509
1699 852
1001 1526
1168 1508
319 1156
1117 597
1790 509
477 1867
1082 614
869 126
1859 1866
1407 468
83 1738
587 1349
24 493
1858 13
1079 686
1545 348
635 512
940 654
807 539
1666 706
768 1971
1279 749
1370 1583
1401 714
1832 1770
597 307
173 1183
1861 174
1523 1459
584 1657
121 1476
1855 681
1712 1755
552 494
1688 1385
184 1717
1834 240
1556 1423
1858 987
714 1661
84 1579
1424 336
1089 1448
1398 364
1349 1674
1162 776
492 1570
355 1858
12 1985
1755 333
116 1421
866 590
629 477
1456 1358
1435 1385
1951 947
347 1851
1221 1577
203 49
768 498
1366 1778
1854 1913
374 1538
1877 1518
693 1024
1004 1424
336 1549
124 910
1601 1846
1590 613
1151 1312
532 130
414 1065
767 1216
1878 53
1036 1039
1889 295
1359 845
1859 1777
1796 1879
794 30
1339 495
903 605
507 408
523 185
1884 959
1523 320
199 1183
1287 1788
981 1855
1794 1174
1674 291
63 1589
813 804
613 689
990 1016
263 1271
1036 587
16 156
498 1975
1039 1498
587 530
1757 1572
1775 1901
624 1851
1089 494
1424 972
1469 769
1751 1144
1163 1036
438 1685
1095 1764
320 845
768 1504
1307 151
1678 1335
517 492
299 37
986 188
317 1703
989 208
337 1900
1554 1660
637 101
1570 1183
1589 760
867 1790
31 605
359 1718
1272 177
1968 907
684 1488
597 1948
1288 545
248 813
1867 1907
1722 820
1216 404
811 1948
1432 643
1145 888
1303 1223
216 403
681 208
331 1163
1868 715
1117 1699
492 1755
385 1283
204 76
530 1448
1163 811
1722 859
1703 1183
1450 1041
1311 1857
1642 297
242 1162
396 1328
236 746
147 906
867 123
317 393
191 293
1148 767
666 1859
645 261
1688 295
723 1903
248 989
947 740
1 335
622 805
828 3
158 1995
1245 1802
811 307
530 768
1971 1335
307 1678
427 1597
413 646
17 1832
531 768
519 460
1359 320
1837 806
587 1790
1175 1602
723 1901
1889 865
1950 703
903 845
1971 1549
1907 629
803 498
762 169
388 127
792 1596
1046 108
993 288
1855 689
457 577
680 1156
948 700
1114 635
605 1886
282 1439
589 1979
1513 1814
1465 147
240 1507
1089 852
939 598
852 173
293 1666
1703 469
1859 1328
1184 1284
1147 949
1851 1417
141 1727
331 393
304 1969
299 230
1975 1504
238 1924
1555 250
1514 978
1172 1528
1515 1324
373 453
1539 934
1448 1703
492 1335
1385 1889
776 1498
1549 333
170 1969
1566 1362
304 299
1556 597
1161 1653
1640 1679
1174 1163
436 1066
12 1681
1440 1316
476 432
26 196
1078 992
1150 937
1326 1934
317 1089
508 357
1358 333
1453 1490
1832 438
972 1174
863 1557
351 247
768 1961
283 794
11 1552
1365 610
295 247
1818 143
1961 1335
352 709
1221 1085
1586 320
60 938
1152 494
1278 856
1658 1753
1570 1549
755 1334
1629 379
464 1219
1012 370
1754 1616
796 992
326 1952
1761 718
1092 1477
1431 191
1463 1559
438 965
1961 935
1794 1961
892 66
1130 252
1809 1433
1851 1041
1903 218
841 1041
1906 34
771 506
283 123
1697 1066
696 465
435 1086
134 313
643 1513
1054 804
1058 775
1102 19
867 1424
1807 906
355 227
162 1723
972 469
218 1762
712 904
622 781
1886 102
336 1613
1973 1275
1237 1964
1712 1152
199 469
294 1348
851 41
980 452
890 1285
264 490
1293 1666
594 1938
1214 1822
1100 1575
1358 1423
558 1214
1260 1786
1539 496
1998 1969
452 1460
1174 597
760 332
663 443
1589 12
1597 971
1794 1424
1335 1358
600 1907
506 438
240 813
1524 1149
1513 1697
552 852
1085 953
1327 303
1190 1828
1934 73
393 1358
1775 1762
755 1557
880 571
1117 867
1712 954
1494 743
1130 1595
1617 1096
718 460
1132 473
1962 1745
1486 1080
1004 1678
573 240
1556 1613
123 509
984 1495
839 628
498 597
532 1177
1941 1060
1205 565
137 472
1972 366
530 1117
812 1751
1524 257
1183 972
1154 1674
34 618
293 937
1249 903
625 1352
1672 433
479 850
1601 1967
97 1304
1985 332
1462 1962
1967 459
843 1915
1919 1177
756 1925
935 1358
903 1017
797 1396
789 1846
88 1952
1226 1706
989 206
1658 214
1095 667
1678 1456
663 19
1423 1699
1324 567
179 1248
1680 715
492 972
587 1335
295 1385
87 484
965 1770
238 1891
803 954
792 1070
390 948
1889 218
1392 277
1633 240
1987 515
1873 1214
170 304
338 898
116 851
1424 1703
199 333
251 702
191 1366
811 1152
560 1997
805 143
94 1745
1989 1925
950 140
528 720
950 84
1634 1928
972 494
1017 1586
1349 331
776 530
942 1301
336 469
1640 1177
460 1103
242 1570
518 1829
317 1456
79 412
251 824
1590 1220
1487 1462
427 143
1153 246
1514 1077
643 155
1711 285
469 1948
562 421
250 590
1702 688
274 293
1624 999
31 80
1459 108
1263 1125
670 17
1457 1829
871 898
1859 1068
189 688
208 836
1941 358
1287 1802
1173 1772
1220 689
824 519
223 1815
776 1948
548 1216
1249 1829
1424 1456
1032 519
1457 1981
624 1979
338 820
1941 781
1424 307
33 1270
896 625
1425 1119
1212 1837
317 935
889 880
89 90
1338 1935
1198 1711
1450 1296
1523 1586
488 1803
841 1767
937 1486
247 1901
1037 320
1096 1490
996 277
1006 1235
1507 804
1563 1956
530 333
1117 972
26 225
1328 960
238 1967
393 1004
1970 196
768 469
1568 1275
369 1610
1715 500
1784 846
958 580
1523 735
1498 1699
469 1556
18 1637
698 175
1711 1950
654 820
1017 1177
1353 393
1780 1480
509 1162
1968 693
1716 947
988 1761
1226 1288
1504 935
1785 1726
1255 1081
337 1584
1935 1250
665 463
1423 1152
73 1079
1020 165
1805 1392
297 257
865 1432
1185 1322
605 1583
12 63
317 852
1767 624
1183 333
358 622
1448 393
469 1152
1807 1465
1919 1523
817 7
108 1679
1387 1870
393 1498
650 643
208 240
881 907
977 11
794 1498
1367 1661
795 258
1039 867
33 339
336 531
531 331
125 1610
1215 1980
1504 1036
492 1349
307 1712
573 813
379 100
858 991
248 726
1626 1214
852 811
1034 4
1039 242
1557 506
1158 769
1083 1950
935 517
1066 1775
311 1555
47 1115
1699 811
1888 1392
733 410
1006 1994
255 1106
1968 227
970 682
1235 935
478 1736
492 494
509 1712
406 468
1005 1991
1183 1039
1832 126
1678 283
1523 31
1489 1020
1370 1981
665 21
1457 1523
1498 242
652 1221
448 356
185 656
953 645
1353 1424
230 1091
1154 1358
1706 11
1466 1223
680 1970
30 283
1954 688
819 1187
1423 1674
1734 1013
1790 1089
208 433
311 1391
1959 73
469 1183
1674 531
555 1427
475 1332
650 1901
1171 548
1088 1683
269 511
37 170
386 50
1699 1549
818 437
1818 427
1496 1217
1 1632
926 1340
1529 1938
1142 1555
645 652
805 188
20 1397
1083 703
771 515
150 604
199 803
753 1507
157 1986
29 1868
972 1335
1391 1555
1053 136
1962 1826
1849 1191
1679 605
1910 343
545 460
1122 167
1235 811
889 571
1794 1006
747 24
1809 909
54 1269
1004 494
742 1537
1357 1233
1004 1790
3 759
589 1851
1781 363
1858 1968
396 666
552 1755
1834 681
1408 768
1278 47
1254 665
50 274
1154 1971
309 614
519 1052
1164 909
837 1254
1646 906
1235 1549
1353 242
461 1935
1533 1868
1335 1424
996 176
999 12
1996 390
1107 1910
1359 1640
1134 347
485 417
27 1075
1778 46
898 366
1249 1586
1609 1738
1451 1185
485 1760
1174 333
1613 1089
811 1349
567 1099
30 1174
1063 1231
1456 1335
1903 1066
1918 234
1377 1221
1762 295
1162 331
498 1039
522 591
1723 1778
1778 274
166 413
1829 31
1467 1418
902 97
1577 1399
895 1548
1931 282
1646 1322
1583 1982
418 368
1434 984
630 916
1681 1044
1164 1433
699 979
643 436
1741 824
283 291
1091 304
1152 1755
331 1408
1293 1150
1964 1854
1060 1597
208 981
1036 1089
269 1780
654 898
768 1154
768 1006
741 91
1504 173
895 164
1990 485
1790 517
1327 274
152 406
1961 1613
1654 1475
361 204
794 1703
609 642
47 1495
594 1740
784 223
1490 1617
597 1424
87 848
1353 597
906 1841
410 1501
12 1624
80 845
1498 317
1874 766
199 1613
37 304
1755 794
1288 1032
1359 1017
929 1485
1619 2000
131 1271
208 1834
1424 517
1981 605
1334 126
820 940
312 198
1556 1162
452 623
1981 735
1777 596
507 568
425 1264
989 804
429 26
753 1054
242 498
259 1283
620 234
1701 270
1115 602
1674 811
1842 1481
1414 395
1549 173
1762 723
647 81
803 1349
1556 1794
1549 803
145 1872
1037 1359
475 20
663 1102
336 1975
902 1759
26 843
74 217
1678 531
1340 70
957 1533
1080 293
9 1336
31 1981
227 1024
63 1985
1897 1213
1712 1994
1608 1515
670 506
385 539
1964 1913
803 1504
142 1135
869 1413
1398 882
1797 1379
297 410
516 480
1288 824
862 1672
1816 1574
306 661
904 1864
1148 712
206 1855
1972 178
528 1308
1103 1032
1994 498
443 103
1456 469
370 1595
450 100
825 1742
1367 352
1568 1248
1770 1987
715 1826
429 843
436 1385
1723 1327
1235 1152
531 1162
1961 794
753 208
723 643
1794 1712
288 541
500 1953
626 749
37 1415
1423 1549
1208 832
123 587
588 1130
954 597
469 1674
295 437
734 1764
1133 1869
1588 1002
1755 768
30 1994
1613 1549
357 1537
427 805
1286 124
1080 50
155 1435
523 301
1152 1408
1556 498
1406 418
1809 1043
557 359
22 1861
1443 363
451 1836
307 935
782 1728
1149 1097
1525 1132
463 1254
602 765
261 976
1975 1424
1529 1851
907 1858
555 1068
935 1117
140 484
1062 487
1981 1017
1413 1400
284 1153
107 1805
120 246
1176 1849
283 1183
545 977
1141 774
1049 939
1807 1718
443 19
1996 948
677 1099
332 63
400 895
935 1039
1755 291
252 370
531 811
755 965
1741 251
242 1975
722 1293
752 1831
357 1898
1661 1372
860 928
1377 652
297 1149
1731 612
792 1845
225 1526
555 1777
588 791
1579 87
1327 1344
1163 1994
1046 80
204 1364
784 1815
500 1268
398 439
492 1948
1504 972
108 1037
1087 1460
1032 1761
976 1577
1678 1794
605 1640
1163 1006
1924 1846
1869 672
1361 28
1297 226
498 1790
732 543
1513 650
1717 1371
126 1413
518 1919
170 1091
274 386
1264 1281
670 1832
1351 202
567 287
1953 1715
760 1824
50 722
954 587
1699 1613
1755 307
1495 1434
351 218
1904 253
1417 1938
259 807
1678 1570
650 1432
972 317
776 1408
973 1144
1385 643
287 1099
251 1052
836 1834
1006 123
1109 577
155 295
987 693
1448 1570
1515 677
903 1457
1614 1942
1522 1114
1716 1951
1183 803
1979 1529
1149 237
811 331
1319 1654
1507 813
30 1154
1862 219
1700 1320
1790 331
1103 1552
1723 1344
1039 597
1768 427
1044 1624
130 1177
1751 973
1885 315
1975 307
776 283
1628 1262
456 1847
350 105
111 1980
1356 1960
1749 15
980 1460
705 799
494 1235
1576 432
587 509
396 1427
1794 803
1778 1293
573 208
376 287
159 154
794 1152
1396 1969
1959 1326
678 409
1829 845
1971 123
